	Exporter version: 4.6.1, Blender version: 2.76 (sub 0)
========= Conversion from Blender to Babylon.js =========
	Scene settings used:
		selected layers only:  false
		flat shading entire scene:  false
		inline textures:  false
		texture directory:  C:\inetpub\wwwroot\Users_Data\themanisthem\
	Python World class constructor completed
	WARNING: No active camera has been assigned, or is not in a currently selected Blender layer
	processing begun of skeleton:  Armature, id:  0
		processing begun of bone:  Spiderman_AutoRig, index:  0
		processing begun of bone:  Spiderman_Unity_Output_Meshes, index:  1
		processing begun of bone:  spiderman_body, index:  2
		processing begun of bone:  spidyHead, index:  3
		processing begun of bone:  Spiderman_Unity_Output_Skeleton, index:  4
		processing begun of bone:  root, index:  5
		processing begun of bone:  pelvis, index:  6
		processing begun of bone:  spine_01, index:  7
		processing begun of bone:  spine_02, index:  8
		processing begun of bone:  spine_03, index:  9
		processing begun of bone:  clavicle_l, index:  10
		processing begun of bone:  upperarm_l, index:  11
		processing begun of bone:  lowerarm_l, index:  12
		processing begun of bone:  hand_l, index:  13
		processing begun of bone:  index_01_l, index:  14
		processing begun of bone:  index_02_l, index:  15
		processing begun of bone:  index_03_l, index:  16
		processing begun of bone:  middle_01_l, index:  17
		processing begun of bone:  middle_02_l, index:  18
		processing begun of bone:  middle_03_l, index:  19
		processing begun of bone:  pinky_01_l, index:  20
		processing begun of bone:  pinky_02_l, index:  21
		processing begun of bone:  pinky_03_l, index:  22
		processing begun of bone:  ring_01_l, index:  23
		processing begun of bone:  ring_02_l, index:  24
		processing begun of bone:  ring_03_l, index:  25
		processing begun of bone:  thumb_01_l, index:  26
		processing begun of bone:  thumb_02_l, index:  27
		processing begun of bone:  thumb_03_l, index:  28
		processing begun of bone:  hand_web_l, index:  29
		processing begun of bone:  hand_grenade_l, index:  30
		processing begun of bone:  hand_ui_l, index:  31
		processing begun of bone:  lowerarm_twist_01_l, index:  32
		processing begun of bone:  upperarm_twist_01_l, index:  33
		processing begun of bone:  clavicle_r, index:  34
		processing begun of bone:  upperarm_r, index:  35
		processing begun of bone:  lowerarm_r, index:  36
		processing begun of bone:  hand_r, index:  37
		processing begun of bone:  index_01_r, index:  38
		processing begun of bone:  index_02_r, index:  39
		processing begun of bone:  index_03_r, index:  40
		processing begun of bone:  middle_01_r, index:  41
		processing begun of bone:  middle_02_r, index:  42
		processing begun of bone:  middle_03_r, index:  43
		processing begun of bone:  pinky_01_r, index:  44
		processing begun of bone:  pinky_02_r, index:  45
		processing begun of bone:  pinky_03_r, index:  46
		processing begun of bone:  ring_01_r, index:  47
		processing begun of bone:  ring_02_r, index:  48
		processing begun of bone:  ring_03_r, index:  49
		processing begun of bone:  thumb_01_r, index:  50
		processing begun of bone:  thumb_02_r, index:  51
		processing begun of bone:  thumb_03_r, index:  52
		processing begun of bone:  hand_web_r, index:  53
		processing begun of bone:  hand_grenade_r, index:  54
		processing begun of bone:  hand_ui_r, index:  55
		processing begun of bone:  lowerarm_twist_01_r, index:  56
		processing begun of bone:  upperarm_twist_01_r, index:  57
		processing begun of bone:  neck_01, index:  58
		processing begun of bone:  neck_02, index:  59
		processing begun of bone:  head, index:  60
		processing begun of bone:  thigh_l, index:  61
		processing begun of bone:  calf_l, index:  62
		processing begun of bone:  calf_twist_01_l, index:  63
		processing begun of bone:  foot_l, index:  64
		processing begun of bone:  ball_l, index:  65
		processing begun of bone:  thigh_twist_01_l, index:  66
		processing begun of bone:  thigh_r, index:  67
		processing begun of bone:  calf_r, index:  68
		processing begun of bone:  calf_twist_01_r, index:  69
		processing begun of bone:  foot_r, index:  70
		processing begun of bone:  ball_r, index:  71
		processing begun of bone:  thigh_twist_01_r, index:  72
	processing begun of mesh:  mesh1
		processing begun of Standard material:  MI_Spiderman_001_inst
			Diffuse texture found "Diffuse Texture.002"
				Image texture found, type:  diffuseTexture, mapped using: "DiffuseUV"
	WARNING: Error encountered processing image file:  , Error:  [Errno 2] No such file or directory: 'C:\\inetpub\\wwwroot\\Users_Data\\themanisthem\\themanisthem_app1\\..\\..\\..\\Downloads\\Noesis\\MI_Spiderman_001_inst'
		num positions      :  13368
		num normals        :  13368
		num uvs            :  26736
		num uvs2           :  0
		num colors         :  0
		num indices        :  13368
		Skeleton stats:  
			Total Influencers:  21436
			Avg # of influencers per vertex:  1.6035
			Highest # of influencers observed:  3, num vertices with this:  1802
			exported as 3 influencers
			num skeletonWeights and skeletonIndices:  53472
	processing begun of mesh:  mesh2
		processing begun of Standard material:  M_Spiderman_gear
			Diffuse texture found "Diffuse Texture.001"
				Image texture found, type:  diffuseTexture, mapped using: "DiffuseUV"
	WARNING: Error encountered processing image file:  , Error:  [Errno 2] No such file or directory: 'C:\\inetpub\\wwwroot\\Users_Data\\themanisthem\\themanisthem_app1\\..\\..\\..\\Downloads\\Noesis\\M_Spiderman_gear'
		num positions      :  20814
		num normals        :  20814
		num uvs            :  41628
		num uvs2           :  0
		num colors         :  0
		num indices        :  20814
		Skeleton stats:  
			Total Influencers:  22932
			Avg # of influencers per vertex:  1.1018
			Highest # of influencers observed:  3, num vertices with this:  321
			exported as 3 influencers
			num skeletonWeights and skeletonIndices:  83256
	processing begun of mesh:  mesh0
		processing begun of Standard material:  MI_Spiderman_002_inst
			Diffuse texture found "Diffuse Texture"
				Image texture found, type:  diffuseTexture, mapped using: "DiffuseUV"
	WARNING: Error encountered processing image file:  , Error:  [Errno 2] No such file or directory: 'C:\\inetpub\\wwwroot\\Users_Data\\themanisthem\\themanisthem_app1\\..\\..\\..\\Downloads\\Noesis\\MI_Spiderman_002_inst'
		num positions      :  15294
		num normals        :  15294
		num uvs            :  30588
		num uvs2           :  0
		num colors         :  0
		num indices        :  15294
		Skeleton stats:  
			Total Influencers:  26508
			Avg # of influencers per vertex:  1.7332
			Highest # of influencers observed:  3, num vertices with this:  1646
			exported as 3 influencers
			num skeletonWeights and skeletonIndices:  61176
========= Writing of scene file started =========
========= Writing of scene file completed =========
========= end of processing =========
elapsed time:  0 min, 8.7344 secs
